<?xml version="1.0" encoding="UTF-8"?>
<coverage generated="1526587105">
  <project timestamp="1526587105">
    <package name="Happy\Command">
      <file name="/var/www/html/src/Command/SwaggerDumpCommand.php">
        <class name="Happy\Command\SwaggerDumpCommand" namespace="Happy\Command">
          <metrics complexity="3" methods="3" coveredmethods="3" conditionals="0" coveredconditionals="0" statements="9" coveredstatements="9" elements="12" coveredelements="12"/>
        </class>
        <line num="31" type="method" name="__construct" visibility="public" complexity="1" crap="1" count="1"/>
        <line num="33" type="stmt" count="1"/>
        <line num="34" type="stmt" count="1"/>
        <line num="35" type="stmt" count="1"/>
        <line num="37" type="method" name="configure" visibility="protected" complexity="1" crap="1" count="1"/>
        <line num="39" type="stmt" count="1"/>
        <line num="40" type="stmt" count="1"/>
        <line num="42" type="method" name="execute" visibility="protected" complexity="1" crap="1" count="1"/>
        <line num="44" type="stmt" count="1"/>
        <line num="46" type="stmt" count="1"/>
        <line num="47" type="stmt" count="1"/>
        <line num="49" type="stmt" count="1"/>
        <metrics loc="50" ncloc="35" classes="1" methods="3" coveredmethods="3" conditionals="0" coveredconditionals="0" statements="9" coveredstatements="9" elements="12" coveredelements="12"/>
      </file>
    </package>
    <package name="Happy\Controller">
      <file name="/var/www/html/src/Controller/DocumentController.php">
        <class name="Happy\Controller\DocumentController" namespace="Happy\Controller">
          <metrics complexity="5" methods="5" coveredmethods="4" conditionals="0" coveredconditionals="0" statements="5" coveredstatements="4" elements="10" coveredelements="8"/>
        </class>
        <line num="42" type="method" name="getDocuments" visibility="public" complexity="1" crap="2" count="0"/>
        <line num="44" type="stmt" count="0"/>
        <line num="67" type="method" name="getDocument" visibility="public" complexity="1" crap="1" count="1"/>
        <line num="69" type="stmt" count="1"/>
        <line num="92" type="method" name="postDocument" visibility="public" complexity="1" crap="1" count="1"/>
        <line num="94" type="stmt" count="1"/>
        <line num="117" type="method" name="editDocument" visibility="public" complexity="1" crap="1" count="1"/>
        <line num="119" type="stmt" count="1"/>
        <line num="141" type="method" name="removeDocument" visibility="public" complexity="1" crap="1" count="1"/>
        <line num="143" type="stmt" count="1"/>
        <metrics loc="144" ncloc="36" classes="1" methods="5" coveredmethods="4" conditionals="0" coveredconditionals="0" statements="5" coveredstatements="4" elements="10" coveredelements="8"/>
      </file>
      <file name="/var/www/html/src/Controller/HealthController.php">
        <class name="Happy\Controller\HealthController" namespace="Happy\Controller">
          <metrics complexity="1" methods="1" coveredmethods="1" conditionals="0" coveredconditionals="0" statements="1" coveredstatements="1" elements="2" coveredelements="2"/>
        </class>
        <line num="33" type="method" name="health" visibility="public" complexity="1" crap="1" count="1"/>
        <line num="34" type="stmt" count="1"/>
        <metrics loc="35" ncloc="14" classes="1" methods="1" coveredmethods="1" conditionals="0" coveredconditionals="0" statements="1" coveredstatements="1" elements="2" coveredelements="2"/>
      </file>
      <file name="/var/www/html/src/Controller/HomeController.php">
        <class name="Happy\Controller\HomeController" namespace="Happy\Controller">
          <metrics complexity="1" methods="1" coveredmethods="1" conditionals="0" coveredconditionals="0" statements="2" coveredstatements="2" elements="3" coveredelements="3"/>
        </class>
        <line num="37" type="method" name="home" visibility="public" complexity="1" crap="1" count="1"/>
        <line num="42" type="stmt" count="1"/>
        <line num="46" type="stmt" count="1"/>
        <metrics loc="48" ncloc="20" classes="1" methods="1" coveredmethods="1" conditionals="0" coveredconditionals="0" statements="2" coveredstatements="2" elements="3" coveredelements="3"/>
      </file>
      <file name="/var/www/html/src/Controller/ProjectController.php">
        <class name="Happy\Controller\ProjectController" namespace="Happy\Controller">
          <metrics complexity="4" methods="4" coveredmethods="4" conditionals="0" coveredconditionals="0" statements="4" coveredstatements="4" elements="8" coveredelements="8"/>
        </class>
        <line num="42" type="method" name="getProject" visibility="public" complexity="1" crap="1" count="1"/>
        <line num="43" type="stmt" count="1"/>
        <line num="58" type="method" name="postProject" visibility="public" complexity="1" crap="1" count="1"/>
        <line num="59" type="stmt" count="1"/>
        <line num="81" type="method" name="editProject" visibility="public" complexity="1" crap="1" count="1"/>
        <line num="82" type="stmt" count="1"/>
        <line num="103" type="method" name="removeProject" visibility="public" complexity="1" crap="1" count="1"/>
        <line num="104" type="stmt" count="1"/>
        <metrics loc="105" ncloc="28" classes="1" methods="4" coveredmethods="4" conditionals="0" coveredconditionals="0" statements="4" coveredstatements="4" elements="8" coveredelements="8"/>
      </file>
      <file name="/var/www/html/src/Controller/UserController.php">
        <class name="Happy\Controller\UserController" namespace="Happy\Controller">
          <metrics complexity="5" methods="5" coveredmethods="5" conditionals="0" coveredconditionals="0" statements="5" coveredstatements="5" elements="10" coveredelements="10"/>
        </class>
        <line num="37" type="method" name="getUsers" visibility="public" complexity="1" crap="1" count="1"/>
        <line num="38" type="stmt" count="1"/>
        <line num="58" type="method" name="getUserById" visibility="public" complexity="1" crap="1" count="1"/>
        <line num="59" type="stmt" count="1"/>
        <line num="74" type="method" name="postUser" visibility="public" complexity="1" crap="1" count="1"/>
        <line num="75" type="stmt" count="1"/>
        <line num="96" type="method" name="editUser" visibility="public" complexity="1" crap="1" count="1"/>
        <line num="97" type="stmt" count="1"/>
        <line num="118" type="method" name="removeUser" visibility="public" complexity="1" crap="1" count="1"/>
        <line num="119" type="stmt" count="1"/>
        <metrics loc="120" ncloc="31" classes="1" methods="5" coveredmethods="5" conditionals="0" coveredconditionals="0" statements="5" coveredstatements="5" elements="10" coveredelements="10"/>
      </file>
    </package>
    <package name="Happy\Entity">
      <file name="/var/www/html/src/Entity/Documentation.php">
        <class name="Happy\Entity\Documentation" namespace="Happy\Entity">
          <metrics complexity="8" methods="8" coveredmethods="8" conditionals="0" coveredconditionals="0" statements="12" coveredstatements="12" elements="20" coveredelements="20"/>
        </class>
        <line num="69" type="method" name="getId" visibility="public" complexity="1" crap="1" count="4"/>
        <line num="71" type="stmt" count="4"/>
        <line num="77" type="method" name="setId" visibility="public" complexity="1" crap="1" count="5"/>
        <line num="79" type="stmt" count="5"/>
        <line num="80" type="stmt" count="5"/>
        <line num="85" type="method" name="getVersion" visibility="public" complexity="1" crap="1" count="1"/>
        <line num="87" type="stmt" count="1"/>
        <line num="93" type="method" name="setVersion" visibility="public" complexity="1" crap="1" count="1"/>
        <line num="95" type="stmt" count="1"/>
        <line num="96" type="stmt" count="1"/>
        <line num="101" type="method" name="getPath" visibility="public" complexity="1" crap="1" count="1"/>
        <line num="103" type="stmt" count="1"/>
        <line num="109" type="method" name="setPath" visibility="public" complexity="1" crap="1" count="1"/>
        <line num="111" type="stmt" count="1"/>
        <line num="112" type="stmt" count="1"/>
        <line num="117" type="method" name="getProject" visibility="public" complexity="1" crap="1" count="1"/>
        <line num="119" type="stmt" count="1"/>
        <line num="125" type="method" name="setProject" visibility="public" complexity="1" crap="1" count="1"/>
        <line num="127" type="stmt" count="1"/>
        <line num="128" type="stmt" count="1"/>
        <metrics loc="128" ncloc="58" classes="1" methods="8" coveredmethods="8" conditionals="0" coveredconditionals="0" statements="12" coveredstatements="12" elements="20" coveredelements="20"/>
      </file>
      <file name="/var/www/html/src/Entity/Project.php">
        <class name="Happy\Entity\Project" namespace="Happy\Entity">
          <metrics complexity="6" methods="6" coveredmethods="6" conditionals="0" coveredconditionals="0" statements="9" coveredstatements="9" elements="15" coveredelements="15"/>
        </class>
        <line num="59" type="method" name="getId" visibility="public" complexity="1" crap="1" count="8"/>
        <line num="61" type="stmt" count="8"/>
        <line num="67" type="method" name="setId" visibility="public" complexity="1" crap="1" count="9"/>
        <line num="69" type="stmt" count="9"/>
        <line num="70" type="stmt" count="9"/>
        <line num="75" type="method" name="getName" visibility="public" complexity="1" crap="1" count="1"/>
        <line num="77" type="stmt" count="1"/>
        <line num="83" type="method" name="setName" visibility="public" complexity="1" crap="1" count="1"/>
        <line num="85" type="stmt" count="1"/>
        <line num="86" type="stmt" count="1"/>
        <line num="91" type="method" name="getUrlDocumentation" visibility="public" complexity="1" crap="1" count="1"/>
        <line num="93" type="stmt" count="1"/>
        <line num="99" type="method" name="setUrlDocumentation" visibility="public" complexity="1" crap="1" count="1"/>
        <line num="101" type="stmt" count="1"/>
        <line num="102" type="stmt" count="1"/>
        <metrics loc="103" ncloc="47" classes="1" methods="6" coveredmethods="6" conditionals="0" coveredconditionals="0" statements="9" coveredstatements="9" elements="15" coveredelements="15"/>
      </file>
      <file name="/var/www/html/src/Entity/User.php">
        <class name="Happy\Entity\User" namespace="Happy\Entity">
          <metrics complexity="19" methods="15" coveredmethods="15" conditionals="0" coveredconditionals="0" statements="29" coveredstatements="29" elements="44" coveredelements="44"/>
        </class>
        <line num="62" type="method" name="__construct" visibility="public" complexity="1" crap="1" count="14"/>
        <line num="64" type="stmt" count="14"/>
        <line num="65" type="stmt" count="14"/>
        <line num="66" type="stmt" count="14"/>
        <line num="68" type="method" name="getPassword" visibility="public" complexity="1" crap="1" count="1"/>
        <line num="70" type="stmt" count="1"/>
        <line num="72" type="method" name="getSalt" visibility="public" complexity="1" crap="1" count="1"/>
        <line num="74" type="stmt" count="1"/>
        <line num="76" type="method" name="eraseCredentials" visibility="public" complexity="1" crap="1" count="1"/>
        <line num="78" type="stmt" count="1"/>
        <line num="83" type="method" name="getId" visibility="public" complexity="1" crap="1" count="4"/>
        <line num="85" type="stmt" count="4"/>
        <line num="91" type="method" name="setId" visibility="public" complexity="1" crap="1" count="7"/>
        <line num="93" type="stmt" count="7"/>
        <line num="94" type="stmt" count="7"/>
        <line num="99" type="method" name="setRoles" visibility="public" complexity="1" crap="1" count="1"/>
        <line num="101" type="stmt" count="1"/>
        <line num="102" type="stmt" count="1"/>
        <line num="107" type="method" name="addRole" visibility="public" complexity="2" crap="2" count="1"/>
        <line num="109" type="stmt" count="1"/>
        <line num="110" type="stmt" count="1"/>
        <line num="112" type="stmt" count="1"/>
        <line num="117" type="method" name="removeRole" visibility="public" complexity="2" crap="2" count="1"/>
        <line num="119" type="stmt" count="1"/>
        <line num="120" type="stmt" count="1"/>
        <line num="121" type="stmt" count="1"/>
        <line num="123" type="stmt" count="1"/>
        <line num="128" type="method" name="getRoles" visibility="public" complexity="1" crap="1" count="2"/>
        <line num="130" type="stmt" count="2"/>
        <line num="138" type="method" name="getUsername" visibility="public" complexity="1" crap="1" count="1"/>
        <line num="140" type="stmt" count="1"/>
        <line num="146" type="method" name="getProjects" visibility="public" complexity="1" crap="1" count="2"/>
        <line num="148" type="stmt" count="2"/>
        <line num="154" type="method" name="setProjects" visibility="public" complexity="1" crap="1" count="1"/>
        <line num="156" type="stmt" count="1"/>
        <line num="157" type="stmt" count="1"/>
        <line num="162" type="method" name="addProject" visibility="public" complexity="2" crap="2" count="1"/>
        <line num="164" type="stmt" count="1"/>
        <line num="165" type="stmt" count="1"/>
        <line num="167" type="stmt" count="1"/>
        <line num="172" type="method" name="removeProject" visibility="public" complexity="2" crap="2" count="1"/>
        <line num="174" type="stmt" count="1"/>
        <line num="175" type="stmt" count="1"/>
        <line num="177" type="stmt" count="1"/>
        <metrics loc="177" ncloc="101" classes="1" methods="15" coveredmethods="15" conditionals="0" coveredconditionals="0" statements="29" coveredstatements="29" elements="44" coveredelements="44"/>
      </file>
    </package>
    <package name="Happy\Entity\Traits">
      <file name="/var/www/html/src/Entity/Traits/TimestampableTrait.php">
        <class name="TimestampableTrait" namespace="Happy\Entity\Traits">
          <metrics complexity="13" methods="8" coveredmethods="8" conditionals="0" coveredconditionals="0" statements="14" coveredstatements="14" elements="22" coveredelements="22"/>
        </class>
        <line num="43" type="method" name="autoUpdate" visibility="public" complexity="2" crap="2" count="1"/>
        <line num="45" type="stmt" count="1"/>
        <line num="46" type="stmt" count="1"/>
        <line num="48" type="stmt" count="1"/>
        <line num="49" type="stmt" count="1"/>
        <line num="54" type="method" name="getDateCreation" visibility="public" complexity="2" crap="2" count="2"/>
        <line num="56" type="stmt" count="2"/>
        <line num="62" type="method" name="setDateCreation" visibility="public" complexity="1" crap="1" count="1"/>
        <line num="64" type="stmt" count="1"/>
        <line num="65" type="stmt" count="1"/>
        <line num="70" type="method" name="getDateUpdate" visibility="public" complexity="2" crap="2" count="2"/>
        <line num="72" type="stmt" count="2"/>
        <line num="78" type="method" name="setDateUpdate" visibility="public" complexity="1" crap="1" count="1"/>
        <line num="80" type="stmt" count="1"/>
        <line num="81" type="stmt" count="1"/>
        <line num="86" type="method" name="getDateDeleted" visibility="public" complexity="2" crap="2" count="2"/>
        <line num="88" type="stmt" count="2"/>
        <line num="94" type="method" name="setDateDeleted" visibility="public" complexity="2" crap="2" count="2"/>
        <line num="96" type="stmt" count="2"/>
        <line num="97" type="stmt" count="2"/>
        <line num="102" type="method" name="isDeleted" visibility="public" complexity="1" crap="1" count="1"/>
        <line num="104" type="stmt" count="1"/>
        <metrics loc="105" ncloc="54" classes="1" methods="8" coveredmethods="8" conditionals="0" coveredconditionals="0" statements="14" coveredstatements="14" elements="22" coveredelements="22"/>
      </file>
    </package>
    <package name="Happy">
      <file name="/var/www/html/src/Kernel.php">
        <class name="Happy\Kernel" namespace="Happy">
          <metrics complexity="8" methods="5" coveredmethods="5" conditionals="0" coveredconditionals="0" statements="21" coveredstatements="21" elements="26" coveredelements="26"/>
        </class>
        <line num="18" type="method" name="getCacheDir" visibility="public" complexity="1" crap="1" count="19"/>
        <line num="20" type="stmt" count="19"/>
        <line num="23" type="method" name="getLogDir" visibility="public" complexity="1" crap="1" count="1"/>
        <line num="25" type="stmt" count="1"/>
        <line num="28" type="method" name="registerBundles" visibility="public" complexity="4" crap="4" count="19"/>
        <line num="30" type="stmt" count="19"/>
        <line num="31" type="stmt" count="19"/>
        <line num="32" type="stmt" count="19"/>
        <line num="33" type="stmt" count="19"/>
        <line num="36" type="stmt" count="19"/>
        <line num="38" type="method" name="configureContainer" visibility="protected" complexity="1" crap="1" count="1"/>
        <line num="40" type="stmt" count="1"/>
        <line num="43" type="stmt" count="1"/>
        <line num="44" type="stmt" count="1"/>
        <line num="45" type="stmt" count="1"/>
        <line num="47" type="stmt" count="1"/>
        <line num="48" type="stmt" count="1"/>
        <line num="49" type="stmt" count="1"/>
        <line num="50" type="stmt" count="1"/>
        <line num="51" type="stmt" count="1"/>
        <line num="53" type="method" name="configureRoutes" visibility="protected" complexity="1" crap="1" count="2"/>
        <line num="55" type="stmt" count="2"/>
        <line num="57" type="stmt" count="2"/>
        <line num="58" type="stmt" count="2"/>
        <line num="59" type="stmt" count="2"/>
        <line num="60" type="stmt" count="2"/>
        <metrics loc="61" ncloc="57" classes="1" methods="5" coveredmethods="5" conditionals="0" coveredconditionals="0" statements="21" coveredstatements="21" elements="26" coveredelements="26"/>
      </file>
    </package>
    <package name="Happy\Repository">
      <file name="/var/www/html/src/Repository/DocumentationRepository.php">
        <class name="Happy\Repository\DocumentationRepository" namespace="Happy\Repository">
          <metrics complexity="1" methods="1" coveredmethods="1" conditionals="0" coveredconditionals="0" statements="2" coveredstatements="2" elements="3" coveredelements="3"/>
        </class>
        <line num="25" type="method" name="__construct" visibility="public" complexity="1" crap="1" count="2"/>
        <line num="27" type="stmt" count="2"/>
        <line num="28" type="stmt" count="2"/>
        <metrics loc="28" ncloc="14" classes="1" methods="1" coveredmethods="1" conditionals="0" coveredconditionals="0" statements="2" coveredstatements="2" elements="3" coveredelements="3"/>
      </file>
      <file name="/var/www/html/src/Repository/ProjectRepository.php">
        <class name="Happy\Repository\ProjectRepository" namespace="Happy\Repository">
          <metrics complexity="1" methods="1" coveredmethods="1" conditionals="0" coveredconditionals="0" statements="2" coveredstatements="2" elements="3" coveredelements="3"/>
        </class>
        <line num="25" type="method" name="__construct" visibility="public" complexity="1" crap="1" count="1"/>
        <line num="27" type="stmt" count="1"/>
        <line num="28" type="stmt" count="1"/>
        <metrics loc="28" ncloc="14" classes="1" methods="1" coveredmethods="1" conditionals="0" coveredconditionals="0" statements="2" coveredstatements="2" elements="3" coveredelements="3"/>
      </file>
      <file name="/var/www/html/src/Repository/UserRepository.php">
        <class name="Happy\Repository\UserRepository" namespace="Happy\Repository">
          <metrics complexity="1" methods="1" coveredmethods="1" conditionals="0" coveredconditionals="0" statements="2" coveredstatements="2" elements="3" coveredelements="3"/>
        </class>
        <line num="25" type="method" name="__construct" visibility="public" complexity="1" crap="1" count="1"/>
        <line num="27" type="stmt" count="1"/>
        <line num="28" type="stmt" count="1"/>
        <metrics loc="28" ncloc="14" classes="1" methods="1" coveredmethods="1" conditionals="0" coveredconditionals="0" statements="2" coveredstatements="2" elements="3" coveredelements="3"/>
      </file>
    </package>
    <package name="Happy\Service\EventListener">
      <file name="/var/www/html/src/Service/EventListener/ExceptionListener.php">
        <class name="Happy\Service\EventListener\ExceptionListener" namespace="Happy\Service\EventListener">
          <metrics complexity="11" methods="5" coveredmethods="5" conditionals="0" coveredconditionals="0" statements="26" coveredstatements="26" elements="31" coveredelements="31"/>
        </class>
        <line num="32" type="method" name="__construct" visibility="public" complexity="1" crap="1" count="17"/>
        <line num="34" type="stmt" count="17"/>
        <line num="35" type="stmt" count="17"/>
        <line num="38" type="method" name="onKernelException" visibility="public" complexity="1" crap="1" count="15"/>
        <line num="40" type="stmt" count="15"/>
        <line num="41" type="stmt" count="15"/>
        <line num="42" type="stmt" count="15"/>
        <line num="49" type="method" name="getMessage" visibility="private" complexity="6" crap="6" count="16"/>
        <line num="52" type="stmt" count="16"/>
        <line num="53" type="stmt" count="16"/>
        <line num="56" type="stmt" count="16"/>
        <line num="57" type="stmt" count="14"/>
        <line num="59" type="stmt" count="3"/>
        <line num="60" type="stmt" count="3"/>
        <line num="61" type="stmt" count="2"/>
        <line num="64" type="stmt" count="16"/>
        <line num="66" type="stmt" count="2"/>
        <line num="67" type="stmt" count="2"/>
        <line num="68" type="stmt" count="2"/>
        <line num="72" type="stmt" count="16"/>
        <line num="80" type="method" name="getResponse" visibility="private" complexity="2" crap="2" count="16"/>
        <line num="82" type="stmt" count="16"/>
        <line num="83" type="stmt" count="16"/>
        <line num="84" type="stmt" count="16"/>
        <line num="85" type="stmt" count="14"/>
        <line num="87" type="stmt" count="16"/>
        <line num="89" type="stmt" count="16"/>
        <line num="97" type="method" name="getNameException" visibility="private" complexity="1" crap="1" count="17"/>
        <line num="99" type="stmt" count="17"/>
        <line num="100" type="stmt" count="17"/>
        <line num="102" type="stmt" count="17"/>
        <metrics loc="103" ncloc="72" classes="1" methods="5" coveredmethods="5" conditionals="0" coveredconditionals="0" statements="26" coveredstatements="26" elements="31" coveredelements="31"/>
      </file>
    </package>
    <package name="Happy\Service">
      <file name="/var/www/html/src/Service/SwaggerDumpService.php">
        <class name="Happy\Service\SwaggerDumpService" namespace="Happy\Service">
          <metrics complexity="3" methods="3" coveredmethods="3" conditionals="0" coveredconditionals="0" statements="5" coveredstatements="5" elements="8" coveredelements="8"/>
        </class>
        <line num="28" type="method" name="__construct" visibility="public" complexity="1" crap="1" count="2"/>
        <line num="30" type="stmt" count="2"/>
        <line num="31" type="method" name="anonymousFunction:31#84" complexity="1" crap="1" count="2"/>
        <line num="33" type="stmt" count="1"/>
        <line num="34" type="stmt" count="2"/>
        <line num="36" type="stmt" count="2"/>
        <line num="43" type="method" name="getSwaggerDoc" visibility="public" complexity="1" crap="1" count="1"/>
        <line num="45" type="stmt" count="1"/>
        <line num="47" type="stmt" count="1"/>
        <metrics loc="49" ncloc="30" classes="1" methods="3" coveredmethods="3" conditionals="0" coveredconditionals="0" statements="6" coveredstatements="6" elements="9" coveredelements="9"/>
      </file>
    </package>
    <metrics files="16" loc="1312" ncloc="625" classes="16" methods="72" coveredmethods="71" conditionals="0" coveredconditionals="0" statements="149" coveredstatements="148" elements="221" coveredelements="219"/>
  </project>
</coverage>
